The system is: Windows - 10.0.19043 - AMD64
Compiling the C compiler identification source file "CMakeCCompilerId.c" succeeded.
Compiler:  
Build flags: 
Id flags:  

The output was:
0
Microsoft (R) Build Engine version 17.0.0+c9eb9dd64 pour .NET Framework
Copyright (C) Microsoft Corporation. Tous droits réservés.

La génération a démarré 2022-02-27 1:15:58 PM.
Projet "C:\Users\Admin\Desktop\Session 2\PROJET\Projet-S2\build\CMakeFiles\3.21.21080301-MSVC_2\CompilerIdC\CompilerIdC.vcxproj" sur le noud 1 (cibles par défaut).
PrepareForBuild:
  Création du répertoire "Debug\".
  Création du répertoire "Debug\CompilerIdC.tlog\".
InitializeBuildStatus:
  Création de "Debug\CompilerIdC.tlog\unsuccessfulbuild", car "AlwaysCreate" a été spécifié.
ClCompile:
  C:\Program Files\Microsoft Visual Studio\2022\Community\VC\Tools\MSVC\14.30.30705\bin\HostX86\x86\CL.exe /c /nologo /W0 /WX- /diagnostics:column /Od /Oy- /D _MBCS /Gm- /EHsc /RTC1 /MDd /GS /fp:precise /Zc:wchar_t /Zc:forScope /Zc:inline /Fo"Debug\\" /Fd"Debug\vc143.pdb" /external:W0 /Gd /TC /analyze- /FC /errorReport:queue CMakeCCompilerId.c
  CMakeCCompilerId.c
Link:
  C:\Program Files\Microsoft Visual Studio\2022\Community\VC\Tools\MSVC\14.30.30705\bin\HostX86\x86\link.exe /ERRORREPORT:QUEUE /OUT:".\CompilerIdC.exe" /INCREMENTAL:NO /NOLOGO kernel32.lib user32.lib gdi32.lib winspool.lib comdlg32.lib advapi32.lib shell32.lib ole32.lib oleaut32.lib uuid.lib odbc32.lib odbccp32.lib /MANIFEST /MANIFESTUAC:"level='asInvoker' uiAccess='false'" /manifest:embed /PDB:".\CompilerIdC.pdb" /SUBSYSTEM:CONSOLE /TLBID:1 /DYNAMICBASE /NXCOMPAT /IMPLIB:".\CompilerIdC.lib" /MACHINE:X86 /SAFESEH Debug\CMakeCCompilerId.obj
  CompilerIdC.vcxproj -> C:\Users\Admin\Desktop\Session 2\PROJET\Projet-S2\build\CMakeFiles\3.21.21080301-MSVC_2\CompilerIdC\CompilerIdC.exe
PostBuildEvent:
  for %%i in (cl.exe) do @echo CMAKE_C_COMPILER=%%~$PATH:i
  :VCEnd
  CMAKE_C_COMPILER=C:\Program Files\Microsoft Visual Studio\2022\Community\VC\Tools\MSVC\14.30.30705\bin\Hostx86\x86\cl.exe
FinalizeBuildStatus:
  Suppression du fichier "Debug\CompilerIdC.tlog\unsuccessfulbuild".
  Mise à jour de l'horodatage "Debug\CompilerIdC.tlog\CompilerIdC.lastbuildstate".
Génération du projet "C:\Users\Admin\Desktop\Session 2\PROJET\Projet-S2\build\CMakeFiles\3.21.21080301-MSVC_2\CompilerIdC\CompilerIdC.vcxproj" terminée (cibles par défaut).

La génération a réussi.
    0 Avertissement(s)
    0 Erreur(s)

Temps écoulé 00:00:00.62


Compilation of the C compiler identification source "CMakeCCompilerId.c" produced "CompilerIdC.exe"

Compilation of the C compiler identification source "CMakeCCompilerId.c" produced "CompilerIdC.vcxproj"

The C compiler identification is MSVC, found in "C:/Users/Admin/Desktop/Session 2/PROJET/Projet-S2/build/CMakeFiles/3.21.21080301-MSVC_2/CompilerIdC/CompilerIdC.exe"

Compiling the CXX compiler identification source file "CMakeCXXCompilerId.cpp" succeeded.
Compiler:  
Build flags: 
Id flags:  

The output was:
0
Microsoft (R) Build Engine version 17.0.0+c9eb9dd64 pour .NET Framework
Copyright (C) Microsoft Corporation. Tous droits réservés.

La génération a démarré 2022-02-27 1:15:59 PM.
Projet "C:\Users\Admin\Desktop\Session 2\PROJET\Projet-S2\build\CMakeFiles\3.21.21080301-MSVC_2\CompilerIdCXX\CompilerIdCXX.vcxproj" sur le noud 1 (cibles par défaut).
PrepareForBuild:
  Création du répertoire "Debug\".
  Création du répertoire "Debug\CompilerIdCXX.tlog\".
InitializeBuildStatus:
  Création de "Debug\CompilerIdCXX.tlog\unsuccessfulbuild", car "AlwaysCreate" a été spécifié.
ClCompile:
  C:\Program Files\Microsoft Visual Studio\2022\Community\VC\Tools\MSVC\14.30.30705\bin\HostX86\x86\CL.exe /c /nologo /W0 /WX- /diagnostics:column /Od /Oy- /D _MBCS /Gm- /EHsc /RTC1 /MDd /GS /fp:precise /Zc:wchar_t /Zc:forScope /Zc:inline /Fo"Debug\\" /Fd"Debug\vc143.pdb" /external:W0 /Gd /TP /analyze- /FC /errorReport:queue CMakeCXXCompilerId.cpp
  CMakeCXXCompilerId.cpp
Link:
  C:\Program Files\Microsoft Visual Studio\2022\Community\VC\Tools\MSVC\14.30.30705\bin\HostX86\x86\link.exe /ERRORREPORT:QUEUE /OUT:".\CompilerIdCXX.exe" /INCREMENTAL:NO /NOLOGO kernel32.lib user32.lib gdi32.lib winspool.lib comdlg32.lib advapi32.lib shell32.lib ole32.lib oleaut32.lib uuid.lib odbc32.lib odbccp32.lib /MANIFEST /MANIFESTUAC:"level='asInvoker' uiAccess='false'" /manifest:embed /PDB:".\CompilerIdCXX.pdb" /SUBSYSTEM:CONSOLE /TLBID:1 /DYNAMICBASE /NXCOMPAT /IMPLIB:".\CompilerIdCXX.lib" /MACHINE:X86 /SAFESEH Debug\CMakeCXXCompilerId.obj
  CompilerIdCXX.vcxproj -> C:\Users\Admin\Desktop\Session 2\PROJET\Projet-S2\build\CMakeFiles\3.21.21080301-MSVC_2\CompilerIdCXX\CompilerIdCXX.exe
PostBuildEvent:
  for %%i in (cl.exe) do @echo CMAKE_CXX_COMPILER=%%~$PATH:i
  :VCEnd
  CMAKE_CXX_COMPILER=C:\Program Files\Microsoft Visual Studio\2022\Community\VC\Tools\MSVC\14.30.30705\bin\Hostx86\x86\cl.exe
FinalizeBuildStatus:
  Suppression du fichier "Debug\CompilerIdCXX.tlog\unsuccessfulbuild".
  Mise à jour de l'horodatage "Debug\CompilerIdCXX.tlog\CompilerIdCXX.lastbuildstate".
Génération du projet "C:\Users\Admin\Desktop\Session 2\PROJET\Projet-S2\build\CMakeFiles\3.21.21080301-MSVC_2\CompilerIdCXX\CompilerIdCXX.vcxproj" terminée (cibles par défaut).

La génération a réussi.
    0 Avertissement(s)
    0 Erreur(s)

Temps écoulé 00:00:00.50


Compilation of the CXX compiler identification source "CMakeCXXCompilerId.cpp" produced "CompilerIdCXX.exe"

Compilation of the CXX compiler identification source "CMakeCXXCompilerId.cpp" produced "CompilerIdCXX.vcxproj"

The CXX compiler identification is MSVC, found in "C:/Users/Admin/Desktop/Session 2/PROJET/Projet-S2/build/CMakeFiles/3.21.21080301-MSVC_2/CompilerIdCXX/CompilerIdCXX.exe"

Detecting C compiler ABI info compiled with the following output:
Change Dir: C:/Users/Admin/Desktop/Session 2/PROJET/Projet-S2/build/CMakeFiles/CMakeTmp

Run Build Command(s):C:/Program Files/Microsoft Visual Studio/2022/Community/MSBuild/Current/Bin/amd64/MSBuild.exe cmTC_528aa.vcxproj /p:Configuration=Debug /p:Platform=win32 /p:VisualStudioVersion=17.0 /v:m && Microsoft (R) Build Engine version 17.0.0+c9eb9dd64 pour .NET Framework
Copyright (C) Microsoft Corporation. Tous droits réservés.

  Compilateur d'optimisation Microsoft (R) C/C++ version 19.30.30706 pour x86
  Copyright (C) Microsoft Corporation. Tous droits réservés.
  CMakeCCompilerABI.c
  cl /c /Zi /W3 /WX- /diagnostics:column /Od /Ob0 /Oy- /D _MBCS /D WIN32 /D _WINDOWS /D "CMAKE_INTDIR=\"Debug\"" /Gm- /RTC1 /MDd /GS /fp:precise /Zc:wchar_t /Zc:forScope /Zc:inline /Fo"cmTC_528aa.dir\Debug\\" /Fd"cmTC_528aa.dir\Debug\vc143.pdb" /external:W3 /Gd /TC /analyze- /errorReport:queue "C:\Program Files\Microsoft Visual Studio\2022\Community\Common7\IDE\CommonExtensions\Microsoft\CMake\CMake\share\cmake-3.21\Modules\CMakeCCompilerABI.c"
  cmTC_528aa.vcxproj -> C:\Users\Admin\Desktop\Session 2\PROJET\Projet-S2\build\CMakeFiles\CMakeTmp\Debug\cmTC_528aa.exe



Detecting CXX compiler ABI info compiled with the following output:
Change Dir: C:/Users/Admin/Desktop/Session 2/PROJET/Projet-S2/build/CMakeFiles/CMakeTmp

Run Build Command(s):C:/Program Files/Microsoft Visual Studio/2022/Community/MSBuild/Current/Bin/amd64/MSBuild.exe cmTC_01936.vcxproj /p:Configuration=Debug /p:Platform=win32 /p:VisualStudioVersion=17.0 /v:m && Microsoft (R) Build Engine version 17.0.0+c9eb9dd64 pour .NET Framework
Copyright (C) Microsoft Corporation. Tous droits réservés.

  Compilateur d'optimisation Microsoft (R) C/C++ version 19.30.30706 pour x86
  Copyright (C) Microsoft Corporation. Tous droits réservés.
  CMakeCXXCompilerABI.cpp
  cl /c /Zi /W3 /WX- /diagnostics:column /Od /Ob0 /Oy- /D _MBCS /D WIN32 /D _WINDOWS /D "CMAKE_INTDIR=\"Debug\"" /Gm- /EHsc /RTC1 /MDd /GS /fp:precise /Zc:wchar_t /Zc:forScope /Zc:inline /GR /Fo"cmTC_01936.dir\Debug\\" /Fd"cmTC_01936.dir\Debug\vc143.pdb" /external:W3 /Gd /TP /analyze- /errorReport:queue "C:\Program Files\Microsoft Visual Studio\2022\Community\Common7\IDE\CommonExtensions\Microsoft\CMake\CMake\share\cmake-3.21\Modules\CMakeCXXCompilerABI.cpp"
  cmTC_01936.vcxproj -> C:\Users\Admin\Desktop\Session 2\PROJET\Projet-S2\build\CMakeFiles\CMakeTmp\Debug\cmTC_01936.exe



